{
  "RSpec": {
    "coverage": {
      "/Users/Phil/Desktop/stack_overphil/app/models/question.rb": [
        1,
        1,
        1,
        1,
        1,
        1,
        1,
        null,
        1,
        null,
        1,
        2,
        2,
        null,
        null,
        1,
        4,
        0,
        0,
        0,
        null,
        4,
        4,
        null,
        null,
        null,
        1,
        0,
        null,
        null,
        1,
        0,
        null,
        null,
        1,
        0,
        null,
        null,
        1,
        0,
        null,
        null,
        1,
        4,
        null,
        null,
        1,
        null,
        1,
        4,
        null,
        null
      ],
      "/Users/Phil/Desktop/stack_overphil/app/controllers/application_controller.rb": [
        1,
        null,
        null,
        null,
        1,
        null,
        1,
        null,
        1,
        0,
        null,
        null,
        1,
        4,
        null,
        null,
        1,
        0,
        null,
        null,
        null
      ],
      "/Users/Phil/Desktop/stack_overphil/app/controllers/questions_controller.rb": [
        1,
        1,
        null,
        null,
        1,
        0,
        0,
        null,
        0,
        null,
        null,
        null,
        1,
        0,
        0,
        0,
        0,
        0,
        null,
        0,
        0,
        null,
        null,
        0,
        null,
        null,
        null,
        1,
        4,
        4,
        4,
        4,
        null,
        null
      ],
      "/Users/Phil/Desktop/stack_overphil/app/models/answer.rb": [
        1,
        1,
        1,
        1,
        1,
        null,
        1,
        1,
        1,
        null,
        1,
        0,
        0,
        null,
        null,
        1,
        0,
        null,
        null,
        1,
        0,
        null,
        null,
        1,
        0,
        null,
        null
      ],
      "/Users/Phil/Desktop/stack_overphil/app/models/vote.rb": [
        1,
        1,
        null,
        1,
        1,
        null,
        1,
        2,
        0,
        null,
        2,
        0,
        null,
        2,
        2,
        null,
        null,
        null
      ],
      "/Users/Phil/Desktop/stack_overphil/app/models/response.rb": [
        1,
        1,
        1,
        1,
        null,
        1,
        0,
        0,
        null,
        null,
        1,
        0,
        0,
        null,
        null,
        1,
        0,
        null,
        null
      ],
      "/Users/Phil/Desktop/stack_overphil/app/controllers/votes_controller.rb": [
        1,
        null,
        1,
        2,
        2,
        2,
        2,
        null,
        2,
        0,
        0,
        0,
        null,
        0,
        0,
        null,
        null,
        2,
        0,
        null,
        2,
        2,
        null,
        0,
        0,
        null,
        null,
        null,
        1,
        2,
        null,
        null,
        null
      ]
    },
    "timestamp": 1445729230
  }
}
