{
  "RSpec": {
    "coverage": {
      "/Users/heatherdrain/Desktop/DBC_stuff/3-phase/stack_overphil/app/models/answer.rb": [
        1,
        1,
        1,
        1,
        1,
        null,
        1,
        1,
        1,
        null
      ],
      "/Users/heatherdrain/Desktop/DBC_stuff/3-phase/stack_overphil/app/models/question.rb": [
        1,
        1,
        1,
        1,
        1,
        1,
        1,
        null,
        1,
        null
      ],
      "/Users/heatherdrain/Desktop/DBC_stuff/3-phase/stack_overphil/app/models/response.rb": [
        1,
        1,
        1,
        1,
        null
      ],
      "/Users/heatherdrain/Desktop/DBC_stuff/3-phase/stack_overphil/app/models/tag.rb": [
        1,
        1,
        1,
        null
      ],
      "/Users/heatherdrain/Desktop/DBC_stuff/3-phase/stack_overphil/app/models/user.rb": [
        1,
        1,
        1,
        1,
        1,
        null,
        1,
        1,
        null
      ],
      "/Users/heatherdrain/Desktop/DBC_stuff/3-phase/stack_overphil/app/models/vote.rb": [
        1,
        1,
        1,
        null
      ]
    },
    "timestamp": 1445615373
  }
}
